<?xml version="1.0" encoding="UTF-8"?>
<testng-results skipped="0" failed="0" total="1" passed="1">
  <reporter-output>
  </reporter-output>
  <suite name="Default suite" duration-ms="61198" started-at="2019-09-06T10:16:23Z" finished-at="2019-09-06T10:17:24Z">
    <groups>
    </groups>
    <test name="Default test" duration-ms="61198" started-at="2019-09-06T10:16:23Z" finished-at="2019-09-06T10:17:24Z">
      <class name="com.training.sanity.tests.AddNewPropertTests">
        <test-method status="PASS" signature="setUpBeforeClass()[pri:0, instance:com.training.sanity.tests.AddNewPropertTests@7e0babb1]" name="setUpBeforeClass" is-config="true" duration-ms="37" started-at="2019-09-06T15:46:23Z" finished-at="2019-09-06T15:46:23Z">
          <reporter-output>
          </reporter-output>
        </test-method> <!-- setUpBeforeClass -->
        <test-method status="PASS" signature="setUp()[pri:0, instance:com.training.sanity.tests.AddNewPropertTests@7e0babb1]" name="setUp" is-config="true" duration-ms="23034" started-at="2019-09-06T15:46:23Z" finished-at="2019-09-06T15:46:46Z">
          <reporter-output>
          </reporter-output>
        </test-method> <!-- setUp -->
        <test-method status="PASS" signature="validAddNewPropertTests()[pri:0, instance:com.training.sanity.tests.AddNewPropertTests@7e0babb1]" name="validAddNewPropertTests" duration-ms="38096" started-at="2019-09-06T15:46:46Z" finished-at="2019-09-06T15:47:24Z">
          <reporter-output>
          </reporter-output>
        </test-method> <!-- validAddNewPropertTests -->
      </class> <!-- com.training.sanity.tests.AddNewPropertTests -->
    </test> <!-- Default test -->
  </suite> <!-- Default suite -->
</testng-results>
